{
  "RSpec": {
    "coverage": {
      "/home/ubuntu/workspace/rottenpotatoes/app/controllers/application_controller.rb": [
        1,
        1,
        null
      ],
      "/home/ubuntu/workspace/rottenpotatoes/app/helpers/application_helper.rb": [
        1,
        null
      ],
      "/home/ubuntu/workspace/rottenpotatoes/app/helpers/movies_helper.rb": [
        1,
        null,
        1,
        2,
        null,
        null
      ],
      "/home/ubuntu/workspace/rottenpotatoes/app/controllers/movies_controller.rb": [
        1,
        null,
        1,
        2,
        2,
        null,
        null,
        null,
        1,
        3,
        3,
        3,
        3,
        3,
        3,
        null,
        3,
        null,
        null,
        1,
        4,
        4,
        null,
        1,
        null,
        1,
        null,
        4,
        4,
        null,
        4,
        18,
        null,
        null,
        4,
        2,
        2,
        2,
        null,
        null,
        2,
        1,
        1,
        1,
        1,
        null,
        1,
        null,
        null,
        1,
        null,
        null,
        null,
        1,
        3,
        3,
        3,
        null,
        null,
        1,
        2,
        null,
        null,
        1,
        4,
        4,
        4,
        4,
        null,
        null,
        1,
        3,
        3,
        3,
        3,
        null,
        null,
        null
      ],
      "/home/ubuntu/workspace/rottenpotatoes/app/models/movie.rb": [
        1,
        null,
        1,
        null,
        1,
        4,
        null,
        null,
        1,
        3,
        null,
        null,
        null,
        null
      ]
    },
    "timestamp": 1479282954
  },
  "Cucumber Features": {
    "coverage": {
    },
    "timestamp": 1479283003
  }
}
